<?xml version="1.0" encoding="UTF-8"?>
<!-- Generated by org.testng.reporters.JUnitReportReporter -->
<testsuite hostname="Sandeep-PC" name="com.model.DD.DataDrivenTesting" tests="3" failures="0" timestamp="12 Jun 2019 14:50:02 GMT" time="16.300" errors="0">
  <testcase name="loginwithValidds" time="5.978" classname="com.model.DD.DataDrivenTesting"/>
  <testcase name="loginwithValidds" time="5.402" classname="com.model.DD.DataDrivenTesting"/>
  <testcase name="loginwithValidds" time="4.920" classname="com.model.DD.DataDrivenTesting"/>
</testsuite> <!-- com.model.DD.DataDrivenTesting -->
