<?xml version="1.0" encoding="UTF-8"?>
<!-- Generated by org.testng.reporters.JUnitReportReporter -->
<testsuite hostname="Sandeep-PC" name="com.model.DD.DataDrivenTesting2" tests="3" failures="0" timestamp="12 Jun 2019 14:46:03 GMT" time="17.775" errors="0">
  <testcase name="loginwithValidds" time="6.298" classname="com.model.DD.DataDrivenTesting2"/>
  <testcase name="loginwithValidds" time="6.105" classname="com.model.DD.DataDrivenTesting2"/>
  <testcase name="loginwithValidds" time="5.372" classname="com.model.DD.DataDrivenTesting2"/>
</testsuite> <!-- com.model.DD.DataDrivenTesting2 -->
