<?xml version="1.0" encoding="UTF-8"?>
<!-- Generated by org.testng.reporters.JUnitReportReporter -->
<testsuite hostname="Sandeep-PC" name="com.model.task.DataDrivenFB" tests="10" failures="0" timestamp="15 Jun 2019 17:57:56 GMT" time="60.145" errors="0">
  <testcase name="loginwithValidds" time="6.078" classname="com.model.task.DataDrivenFB"/>
  <testcase name="loginwithValidds" time="5.741" classname="com.model.task.DataDrivenFB"/>
  <testcase name="loginwithValidds" time="5.713" classname="com.model.task.DataDrivenFB"/>
  <testcase name="loginwithValidds" time="5.289" classname="com.model.task.DataDrivenFB"/>
  <testcase name="loginwithValidds" time="5.802" classname="com.model.task.DataDrivenFB"/>
  <testcase name="loginwithValidds" time="5.814" classname="com.model.task.DataDrivenFB"/>
  <testcase name="loginwithValidds" time="5.679" classname="com.model.task.DataDrivenFB"/>
  <testcase name="loginwithValidds" time="8.438" classname="com.model.task.DataDrivenFB"/>
  <testcase name="loginwithValidds" time="5.879" classname="com.model.task.DataDrivenFB"/>
  <testcase name="loginwithValidds" time="5.712" classname="com.model.task.DataDrivenFB"/>
</testsuite> <!-- com.model.task.DataDrivenFB -->
